c:\users\bca\source\repos\personalengine\personalengine\x64\debug\vc143.pdb
c:\users\bca\source\repos\personalengine\personalengine\x64\debug\vc143.idb
c:\users\bca\source\repos\personalengine\personalengine\x64\debug\mytexture.obj
c:\users\bca\source\repos\personalengine\personalengine\x64\debug\registry.obj
c:\users\bca\source\repos\personalengine\personalengine\x64\debug\main.obj
c:\users\bca\source\repos\personalengine\personalengine\x64\debug\gamestatemanager.obj
c:\users\bca\source\repos\personalengine\personalengine\x64\debug\baselevel.obj
c:\users\bca\source\repos\personalengine\personalengine\x64\debug\gameobject.obj
c:\users\bca\source\repos\personalengine\personalengine\x64\debug\gameobjectmanager.obj
c:\users\bca\source\repos\personalengine\personalengine\x64\debug\todo.obj
c:\users\bca\source\repos\personalengine\personalengine\x64\debug\shader.obj
c:\users\bca\source\repos\personalengine\personalengine\x64\debug\setting_window.obj
c:\users\bca\source\repos\personalengine\personalengine\x64\debug\textresource.obj
c:\users\bca\source\repos\personalengine\personalengine\x64\debug\resourcemanager.obj
c:\users\bca\source\repos\personalengine\personalengine\x64\debug\musicresource.obj
c:\users\bca\source\repos\personalengine\personalengine\x64\debug\spritecomponent.obj
c:\users\bca\source\repos\personalengine\personalengine\x64\debug\logiccomponent.obj
c:\users\bca\source\repos\personalengine\personalengine\x64\debug\graphicscomponent.obj
c:\users\bca\source\repos\personalengine\personalengine\x64\debug\enginecomponent.obj
c:\users\bca\source\repos\personalengine\personalengine\x64\debug\personalengine.ilk
c:\users\bca\source\repos\personalengine\x64\debug\personalengine.pdb
c:\users\bca\source\repos\personalengine\personalengine\x64\debug\personalengine.tlog\cl.command.1.tlog
c:\users\bca\source\repos\personalengine\personalengine\x64\debug\personalengine.tlog\cl.items.tlog
c:\users\bca\source\repos\personalengine\personalengine\x64\debug\personalengine.tlog\cl.read.1.tlog
c:\users\bca\source\repos\personalengine\personalengine\x64\debug\personalengine.tlog\cl.write.1.tlog
c:\users\bca\source\repos\personalengine\personalengine\x64\debug\personalengine.tlog\link-cvtres.read.1.tlog
c:\users\bca\source\repos\personalengine\personalengine\x64\debug\personalengine.tlog\link-cvtres.write.1.tlog
c:\users\bca\source\repos\personalengine\personalengine\x64\debug\personalengine.tlog\link-rc.read.1.tlog
c:\users\bca\source\repos\personalengine\personalengine\x64\debug\personalengine.tlog\link-rc.write.1.tlog
c:\users\bca\source\repos\personalengine\personalengine\x64\debug\personalengine.tlog\link.2136-cvtres.read.1.tlog
c:\users\bca\source\repos\personalengine\personalengine\x64\debug\personalengine.tlog\link.2136-cvtres.write.1.tlog
c:\users\bca\source\repos\personalengine\personalengine\x64\debug\personalengine.tlog\link.2136-rc.read.1.tlog
c:\users\bca\source\repos\personalengine\personalengine\x64\debug\personalengine.tlog\link.2136-rc.write.1.tlog
c:\users\bca\source\repos\personalengine\personalengine\x64\debug\personalengine.tlog\link.2136.read.1.tlog
c:\users\bca\source\repos\personalengine\personalengine\x64\debug\personalengine.tlog\link.2136.read.2.tlog
c:\users\bca\source\repos\personalengine\personalengine\x64\debug\personalengine.tlog\link.2136.read.3.tlog
c:\users\bca\source\repos\personalengine\personalengine\x64\debug\personalengine.tlog\link.2136.read.4.tlog
c:\users\bca\source\repos\personalengine\personalengine\x64\debug\personalengine.tlog\link.2136.write.1.tlog
c:\users\bca\source\repos\personalengine\personalengine\x64\debug\personalengine.tlog\link.command.1.tlog
c:\users\bca\source\repos\personalengine\personalengine\x64\debug\personalengine.tlog\link.read.1.tlog
c:\users\bca\source\repos\personalengine\personalengine\x64\debug\personalengine.tlog\link.read.2.tlog
c:\users\bca\source\repos\personalengine\personalengine\x64\debug\personalengine.tlog\link.read.3.tlog
c:\users\bca\source\repos\personalengine\personalengine\x64\debug\personalengine.tlog\link.read.4.tlog
c:\users\bca\source\repos\personalengine\personalengine\x64\debug\personalengine.tlog\link.secondary.1.tlog
c:\users\bca\source\repos\personalengine\personalengine\x64\debug\personalengine.tlog\link.write.1.tlog
